<?xml version="1.0" encoding="UTF-8"?>
<!-- Generated by org.testng.reporters.JUnitReportReporter -->
<testsuite name="com.Base" tests="1" time="3.272" ignored="5" failures="0" timestamp="13 Nov 2017 10:09:30 GMT" skipped="0" hostname="swatikc-lt8" errors="0">
  <testcase name="sample6" time="3.272" classname="com.Base"/>
  <testcase name="sample3" classname="com.Base">
    <skipped/>
  </testcase> <!-- sample3 -->
  <testcase name="sample1" classname="com.Base">
    <skipped/>
  </testcase> <!-- sample1 -->
  <testcase name="sample4" classname="com.Base">
    <skipped/>
  </testcase> <!-- sample4 -->
  <testcase name="sample5" classname="com.Base">
    <skipped/>
  </testcase> <!-- sample5 -->
  <testcase name="sample2" classname="com.Base">
    <skipped/>
  </testcase> <!-- sample2 -->
</testsuite> <!-- com.Base -->
