<?xml version="1.0" encoding="UTF-8"?>
<!-- Generated by org.testng.reporters.JUnitReportReporter -->
<testsuite hostname="swatikc-lt8" name="com.Base" tests="1" failures="0" timestamp="17 Nov 2017 05:12:00 GMT" time="2.649" errors="0">
  <testcase name="sample6" time="2.649" classname="com.Base"/>
</testsuite> <!-- com.Base -->
